DEB [20240320-18:27:40.783] thr=1   paramiko.transport: starting thread (client mode): 0xd3a4fb50
DEB [20240320-18:27:40.783] thr=1   paramiko.transport: Local version/idstring: SSH-2.0-paramiko_3.4.0
DEB [20240320-18:27:40.811] thr=1   paramiko.transport: Remote version/idstring: SSH-2.0-OpenSSH_8.7
INF [20240320-18:27:40.812] thr=1   paramiko.transport: Connected (version 2.0, client OpenSSH_8.7)
DEB [20240320-18:27:40.815] thr=1   paramiko.transport: === Key exchange possibilities ===
DEB [20240320-18:27:40.815] thr=1   paramiko.transport: kex algos: curve25519-sha256, curve25519-sha256@libssh.org, ecdh-sha2-nistp256, ecdh-sha2-nistp384, ecdh-sha2-nistp521, diffie-hellman-group-exchange-sha256, diffie-hellman-group14-sha256, diffie-hellman-group16-sha512, diffie-hellman-group18-sha512
DEB [20240320-18:27:40.815] thr=1   paramiko.transport: server key: rsa-sha2-512, rsa-sha2-256, ecdsa-sha2-nistp256, ssh-ed25519
DEB [20240320-18:27:40.815] thr=1   paramiko.transport: client encrypt: aes256-gcm@openssh.com, chacha20-poly1305@openssh.com, aes256-ctr, aes128-gcm@openssh.com, aes128-ctr
DEB [20240320-18:27:40.815] thr=1   paramiko.transport: server encrypt: aes256-gcm@openssh.com, chacha20-poly1305@openssh.com, aes256-ctr, aes128-gcm@openssh.com, aes128-ctr
DEB [20240320-18:27:40.815] thr=1   paramiko.transport: client mac: hmac-sha2-256-etm@openssh.com, hmac-sha1-etm@openssh.com, umac-128-etm@openssh.com, hmac-sha2-512-etm@openssh.com, hmac-sha2-256, hmac-sha1, umac-128@openssh.com, hmac-sha2-512
DEB [20240320-18:27:40.815] thr=1   paramiko.transport: server mac: hmac-sha2-256-etm@openssh.com, hmac-sha1-etm@openssh.com, umac-128-etm@openssh.com, hmac-sha2-512-etm@openssh.com, hmac-sha2-256, hmac-sha1, umac-128@openssh.com, hmac-sha2-512
DEB [20240320-18:27:40.815] thr=1   paramiko.transport: client compress: none, zlib@openssh.com
DEB [20240320-18:27:40.815] thr=1   paramiko.transport: server compress: none, zlib@openssh.com
DEB [20240320-18:27:40.815] thr=1   paramiko.transport: client lang: <none>
DEB [20240320-18:27:40.815] thr=1   paramiko.transport: server lang: <none>
DEB [20240320-18:27:40.815] thr=1   paramiko.transport: kex follows: False
DEB [20240320-18:27:40.815] thr=1   paramiko.transport: === Key exchange agreements ===
DEB [20240320-18:27:40.815] thr=1   paramiko.transport: Kex: curve25519-sha256@libssh.org
DEB [20240320-18:27:40.815] thr=1   paramiko.transport: HostKey: ssh-ed25519
DEB [20240320-18:27:40.815] thr=1   paramiko.transport: Cipher: aes128-ctr
DEB [20240320-18:27:40.816] thr=1   paramiko.transport: MAC: hmac-sha2-256
DEB [20240320-18:27:40.816] thr=1   paramiko.transport: Compression: none
DEB [20240320-18:27:40.816] thr=1   paramiko.transport: === End of kex handshake ===
DEB [20240320-18:27:40.829] thr=1   paramiko.transport: kex engine KexCurve25519 specified hash_algo <built-in function openssl_sha256>
DEB [20240320-18:27:40.830] thr=1   paramiko.transport: Switch to new keys ...
DEB [20240320-18:27:40.830] thr=1   paramiko.transport: Got EXT_INFO: {'server-sig-algs': b'ssh-ed25519,sk-ssh-ed25519@openssh.com,ssh-rsa,rsa-sha2-256,rsa-sha2-512,ssh-dss,ecdsa-sha2-nistp256,ecdsa-sha2-nistp384,ecdsa-sha2-nistp521,sk-ecdsa-sha2-nistp256@openssh.com,webauthn-sk-ecdsa-sha2-nistp256@openssh.com'}
DEB [20240320-18:27:40.830] thr=2   paramiko.transport: Adding ssh-ed25519 host key for 192.168.1.22: b'7d7eb2e17c99424c69a5bce3cb0571c9'
DEB [20240320-18:27:40.872] thr=1   paramiko.transport: userauth is OK
INF [20240320-18:27:40.927] thr=1   paramiko.transport: Authentication (password) successful!
DEB [20240320-18:27:40.927] thr=2   paramiko.transport: [chan 0] Max packet in: 32768 bytes
DEB [20240320-18:27:40.966] thr=1   paramiko.transport: Received global request "hostkeys-00@openssh.com"
DEB [20240320-18:27:40.966] thr=1   paramiko.transport: Rejecting "hostkeys-00@openssh.com" global request from server.
DEB [20240320-18:27:41.014] thr=1   paramiko.transport: [chan 0] Max packet out: 32768 bytes
DEB [20240320-18:27:41.014] thr=1   paramiko.transport: Secsh channel 0 opened.
DEB [20240320-18:27:41.018] thr=1   paramiko.transport: [chan 0] Sesch channel 0 request ok
INF [20240320-18:27:41.094] thr=2   paramiko.transport.sftp: [chan 0] Opened sftp connection (server version 3)
DEB [20240320-18:27:41.095] thr=2   paramiko.transport.sftp: [chan 0] open(b'/home/user2/Bureau/testde remt.sh', 'wb')
DEB [20240320-18:27:41.096] thr=2   paramiko.transport.sftp: [chan 0] open(b'/home/user2/Bureau/testde remt.sh', 'wb') -> 00000000
DEB [20240320-18:27:41.097] thr=2   paramiko.transport.sftp: [chan 0] close(00000000)
DEB [20240320-18:27:41.099] thr=2   paramiko.transport.sftp: [chan 0] stat(b'/home/user2/Bureau/testde remt.sh')
INF [20240320-18:27:41.100] thr=2   paramiko.transport.sftp: [chan 0] sftp session closed.
DEB [20240320-18:27:41.100] thr=2   paramiko.transport: [chan 0] EOF sent (0)
DEB [20240320-18:27:41.100] thr=1   paramiko.transport: EOF in transport thread
